<?xml version="1.0" encoding="UTF-8"?>
<!-- Generated by org.testng.reporters.JUnitReportReporter -->
<testsuite hostname="INTELLIAGENT1" failures="0" tests="2" name="FrameWork.FrameWork.ErrorValidationTest" time="7.281" errors="0" timestamp="2024-09-11T00:41:46 IST" skipped="0">
  <testcase classname="FrameWork.FrameWork.ErrorValidationTest" name="LoginErrorValidation" time="2.396"/>
  <system-out>
    <![CDATA[ErrorMessage validated successfully]]>
  </system-out>
  <testcase classname="FrameWork.FrameWork.ErrorValidationTest" name="ProductErrorValidation" time="4.885"/>
  <system-out/>
</testsuite> <!-- FrameWork.FrameWork.ErrorValidationTest -->
