<?xml version="1.0" encoding="UTF-8"?>
<!-- Generated by org.testng.reporters.JUnitReportReporter -->
<testsuite hostname="INTELLIAGENT1" failures="0" tests="3" name="FrameWork.FrameWork.StandaloneTest2" time="21.267" errors="0" timestamp="2024-09-20T02:15:53 IST" skipped="0">
  <testcase classname="FrameWork.FrameWork.StandaloneTest2" name="StandAloneTest2" time="9.021"/>
  <system-out/>
  <testcase classname="FrameWork.FrameWork.StandaloneTest2" name="StandAloneTest2" time="7.984"/>
  <system-out/>
  <testcase classname="FrameWork.FrameWork.StandaloneTest2" name="OrderHistoryTest" time="4.262"/>
  <system-out/>
</testsuite> <!-- FrameWork.FrameWork.StandaloneTest2 -->
