<?xml version="1.0" encoding="UTF-8"?>
<!-- Generated by org.testng.reporters.JUnitReportReporter -->
<testsuite hostname="INTELLIAGENT1" failures="0" tests="3" name="FrameWork.FrameWork.ExcelDrivenRunning" time="18.008" errors="0" timestamp="2024-09-20T02:13:35 IST" skipped="0">
  <testcase classname="FrameWork.FrameWork.ExcelDrivenRunning" name="StandAloneTest2" time="6.677"/>
  <system-out/>
  <testcase classname="FrameWork.FrameWork.ExcelDrivenRunning" name="StandAloneTest2" time="7.354"/>
  <system-out/>
  <testcase classname="FrameWork.FrameWork.ExcelDrivenRunning" name="OrderHistoryTest" time="3.977"/>
  <system-out/>
</testsuite> <!-- FrameWork.FrameWork.ExcelDrivenRunning -->
