<?xml version="1.0" encoding="UTF-8"?>
<!-- Generated by org.testng.reporters.JUnitReportReporter -->
<testsuite hostname="INTELLIAGENT1" failures="0" tests="3" name="FrameWork.FrameWork.StandaloneTest2" time="19.854" errors="0" timestamp="2024-09-09T16:34:28 IST" skipped="0">
  <testcase classname="FrameWork.FrameWork.StandaloneTest2" name="StandAloneTest2" time="7.901"/>
  <system-out/>
  <testcase classname="FrameWork.FrameWork.StandaloneTest2" name="StandAloneTest2" time="7.569"/>
  <system-out/>
  <testcase classname="FrameWork.FrameWork.StandaloneTest2" name="OrderHistoryTest" time="4.384"/>
  <system-out/>
</testsuite> <!-- FrameWork.FrameWork.StandaloneTest2 -->
