<?xml version="1.0" encoding="UTF-8"?>
<!-- Generated by org.testng.reporters.JUnitReportReporter -->
<testsuite hostname="INTELLIAGENT1" failures="0" tests="3" name="FrameWork.FrameWork.StandaloneTest2" time="18.564" errors="0" timestamp="2024-09-11T00:41:46 IST" skipped="0">
  <testcase classname="FrameWork.FrameWork.StandaloneTest2" name="StandAloneTest2" time="6.405"/>
  <system-out/>
  <testcase classname="FrameWork.FrameWork.StandaloneTest2" name="OrderHistoryTest" time="4.431"/>
  <system-out/>
  <testcase classname="FrameWork.FrameWork.StandaloneTest2" name="StandAloneTest2" time="7.728"/>
  <system-out/>
</testsuite> <!-- FrameWork.FrameWork.StandaloneTest2 -->
