<?xml version="1.0" encoding="UTF-8"?>
<!-- Generated by org.testng.reporters.JUnitReportReporter -->
<testsuite hostname="INTELLIAGENT1" failures="0" tests="3" name="FrameWork.FrameWork.ExcelDrivenRunning" time="23.152" errors="0" timestamp="2024-09-09T16:38:25 IST" skipped="0">
  <testcase classname="FrameWork.FrameWork.ExcelDrivenRunning" name="StandAloneTest2" time="8.635"/>
  <system-out/>
  <testcase classname="FrameWork.FrameWork.ExcelDrivenRunning" name="StandAloneTest2" time="9.598"/>
  <system-out/>
  <testcase classname="FrameWork.FrameWork.ExcelDrivenRunning" name="OrderHistoryTest" time="4.919"/>
  <system-out/>
</testsuite> <!-- FrameWork.FrameWork.ExcelDrivenRunning -->
