<?xml version="1.0" encoding="UTF-8"?>
<!-- Generated by org.testng.reporters.JUnitReportReporter -->
<testsuite hostname="INTELLIAGENT1" failures="0" tests="3" name="FrameWork.FrameWork.ExcelDrivenRunning" time="21.440" errors="0" timestamp="2024-09-11T00:41:46 IST" skipped="0">
  <testcase classname="FrameWork.FrameWork.ExcelDrivenRunning" name="OrderHistoryTest" time="4.629"/>
  <system-out/>
  <testcase classname="FrameWork.FrameWork.ExcelDrivenRunning" name="StandAloneTest2" time="8.770"/>
  <system-out/>
  <testcase classname="FrameWork.FrameWork.ExcelDrivenRunning" name="StandAloneTest2" time="8.041"/>
  <system-out/>
</testsuite> <!-- FrameWork.FrameWork.ExcelDrivenRunning -->
