<?xml version="1.0" encoding="UTF-8"?>
<!-- Generated by org.testng.reporters.JUnitReportReporter -->
<testsuite hostname="INTELLIAGENT1" failures="0" tests="2" name="FrameWork.FrameWork.ErrorValidationTest" time="12.324" errors="0" timestamp="2024-09-10T20:03:16 IST" skipped="0">
  <testcase classname="FrameWork.FrameWork.ErrorValidationTest" name="LoginErrorValidation" time="4.446"/>
  <system-out>
    <![CDATA[ErrorMessage validated successfully]]>
  </system-out>
  <testcase classname="FrameWork.FrameWork.ErrorValidationTest" name="ProductErrorValidation" time="7.878"/>
  <system-out/>
</testsuite> <!-- FrameWork.FrameWork.ErrorValidationTest -->
