<?xml version="1.0" encoding="UTF-8"?>
<!-- Generated by org.testng.reporters.JUnitReportReporter -->
<testsuite hostname="INTELLIAGENT1" failures="0" tests="2" name="FrameWork.FrameWork.ErrorValidationTest" time="19.941" errors="0" timestamp="2024-09-05T15:30:46 IST" skipped="0">
  <testcase classname="FrameWork.FrameWork.ErrorValidationTest" name="ProductErrorValidation" time="12.979"/>
  <testcase classname="FrameWork.FrameWork.ErrorValidationTest" name="LoginErrorValidation" time="6.962">
    <system-out>
      <![CDATA[ErrorMessage validated successfully]]>
    </system-out>
  </testcase> <!-- LoginErrorValidation -->
  <system-out>
    <![CDATA[ErrorMessage validated successfully]]>
  </system-out>
</testsuite> <!-- FrameWork.FrameWork.ErrorValidationTest -->
