<?xml version="1.0" encoding="UTF-8"?>
<!-- Generated by org.testng.reporters.JUnitReportReporter -->
<testsuite hostname="INTELLIAGENT1" failures="0" tests="2" name="FrameWork.FrameWork.ErrorValidationTest" time="9.604" errors="0" timestamp="2024-09-11T01:11:27 IST" skipped="0">
  <testcase classname="FrameWork.FrameWork.ErrorValidationTest" name="ProductErrorValidation" time="7.124"/>
  <testcase classname="FrameWork.FrameWork.ErrorValidationTest" name="LoginErrorValidation" time="2.480">
    <system-out>
      <![CDATA[ErrorMessage validated successfully]]>
    </system-out>
  </testcase> <!-- LoginErrorValidation -->
  <system-out>
    <![CDATA[ErrorMessage validated successfully]]>
  </system-out>
</testsuite> <!-- FrameWork.FrameWork.ErrorValidationTest -->
